<?xml version="1.0" encoding="UTF-8"?>
<testsuite xmlns:xsi="http://www.w3.org/2001/XMLSchema-instance" xsi:noNamespaceSchemaLocation="https://maven.apache.org/surefire/maven-surefire-plugin/xsd/surefire-test-report-3.0.xsd" version="3.0" name="com.bloom.MovieTest" time="6.295" tests="5" errors="0" skipped="0" failures="0">
  <properties>
    <property name="sun.desktop" value="windows"/>
    <property name="awt.toolkit" value="sun.awt.windows.WToolkit"/>
    <property name="file.encoding.pkg" value="sun.io"/>
    <property name="java.specification.version" value="1.8"/>
    <property name="sun.cpu.isalist" value="amd64"/>
    <property name="sun.jnu.encoding" value="Cp1252"/>
    <property name="java.class.path" value="C:\eclipse\eclipse\java-training\bloom\target\test-classes;C:\eclipse\eclipse\java-training\bloom\target\classes;C:\Users\User\.m2\repository\io\dropwizard\dropwizard-hibernate\1.0.0-rc3\dropwizard-hibernate-1.0.0-rc3.jar;C:\Users\User\.m2\repository\io\dropwizard\dropwizard-db\1.0.0-rc3\dropwizard-db-1.0.0-rc3.jar;C:\Users\User\.m2\repository\org\apache\tomcat\tomcat-jdbc\8.5.2\tomcat-jdbc-8.5.2.jar;C:\Users\User\.m2\repository\org\apache\tomcat\tomcat-juli\8.5.2\tomcat-juli-8.5.2.jar;C:\Users\User\.m2\repository\com\fasterxml\jackson\datatype\jackson-datatype-hibernate5\2.7.4\jackson-datatype-hibernate5-2.7.4.jar;C:\Users\User\.m2\repository\com\fasterxml\jackson\core\jackson-core\2.7.4\jackson-core-2.7.4.jar;C:\Users\User\.m2\repository\javax\transaction\jta\1.1\jta-1.1.jar;C:\Users\User\.m2\repository\org\jadira\usertype\usertype.core\5.0.0.GA\usertype.core-5.0.0.GA.jar;C:\Users\User\.m2\repository\org\jadira\usertype\usertype.spi\5.0.0.GA\usertype.spi-5.0.0.GA.jar;C:\Users\User\.m2\repository\org\hibernate\hibernate-core\5.1.0.Final\hibernate-core-5.1.0.Final.jar;C:\Users\User\.m2\repository\org\hibernate\javax\persistence\hibernate-jpa-2.1-api\1.0.0.Final\hibernate-jpa-2.1-api-1.0.0.Final.jar;C:\Users\User\.m2\repository\org\javassist\javassist\3.20.0-GA\javassist-3.20.0-GA.jar;C:\Users\User\.m2\repository\antlr\antlr\2.7.7\antlr-2.7.7.jar;C:\Users\User\.m2\repository\org\apache\geronimo\specs\geronimo-jta_1.1_spec\1.1.1\geronimo-jta_1.1_spec-1.1.1.jar;C:\Users\User\.m2\repository\org\jboss\jandex\2.0.0.Final\jandex-2.0.0.Final.jar;C:\Users\User\.m2\repository\com\fasterxml\classmate\1.3.0\classmate-1.3.0.jar;C:\Users\User\.m2\repository\dom4j\dom4j\1.6.1\dom4j-1.6.1.jar;C:\Users\User\.m2\repository\xml-apis\xml-apis\1.0.b2\xml-apis-1.0.b2.jar;C:\Users\User\.m2\repository\org\hibernate\common\hibernate-commons-annotations\5.0.1.Final\hibernate-commons-annotations-5.0.1.Final.jar;C:\Users\User\.m2\repository\io\dropwizard\dropwizard-core\1.0.0-rc3\dropwizard-core-1.0.0-rc3.jar;C:\Users\User\.m2\repository\io\dropwizard\dropwizard-util\1.0.0-rc3\dropwizard-util-1.0.0-rc3.jar;C:\Users\User\.m2\repository\com\fasterxml\jackson\core\jackson-annotations\2.7.4\jackson-annotations-2.7.4.jar;C:\Users\User\.m2\repository\com\google\guava\guava\19.0\guava-19.0.jar;C:\Users\User\.m2\repository\com\google\code\findbugs\jsr305\3.0.1\jsr305-3.0.1.jar;C:\Users\User\.m2\repository\joda-time\joda-time\2.9.3\joda-time-2.9.3.jar;C:\Users\User\.m2\repository\io\dropwizard\dropwizard-jackson\1.0.0-rc3\dropwizard-jackson-1.0.0-rc3.jar;C:\Users\User\.m2\repository\com\fasterxml\jackson\core\jackson-databind\2.7.4\jackson-databind-2.7.4.jar;C:\Users\User\.m2\repository\com\fasterxml\jackson\datatype\jackson-datatype-guava\2.7.4\jackson-datatype-guava-2.7.4.jar;C:\Users\User\.m2\repository\com\fasterxml\jackson\datatype\jackson-datatype-jsr310\2.7.4\jackson-datatype-jsr310-2.7.4.jar;C:\Users\User\.m2\repository\com\fasterxml\jackson\datatype\jackson-datatype-jdk8\2.7.4\jackson-datatype-jdk8-2.7.4.jar;C:\Users\User\.m2\repository\com\fasterxml\jackson\module\jackson-module-afterburner\2.7.4\jackson-module-afterburner-2.7.4.jar;C:\Users\User\.m2\repository\com\fasterxml\jackson\datatype\jackson-datatype-joda\2.7.4\jackson-datatype-joda-2.7.4.jar;C:\Users\User\.m2\repository\org\slf4j\slf4j-api\1.7.21\slf4j-api-1.7.21.jar;C:\Users\User\.m2\repository\ch\qos\logback\logback-classic\1.1.7\logback-classic-1.1.7.jar;C:\Users\User\.m2\repository\io\dropwizard\dropwizard-validation\1.0.0-rc3\dropwizard-validation-1.0.0-rc3.jar;C:\Users\User\.m2\repository\org\hibernate\hibernate-validator\5.2.4.Final\hibernate-validator-5.2.4.Final.jar;C:\Users\User\.m2\repository\javax\validation\validation-api\1.1.0.Final\validation-api-1.1.0.Final.jar;C:\Users\User\.m2\repository\org\jboss\logging\jboss-logging\3.2.1.Final\jboss-logging-3.2.1.Final.jar;C:\Users\User\.m2\repository\org\glassfish\javax.el\3.0.0\javax.el-3.0.0.jar;C:\Users\User\.m2\repository\io\dropwizard\dropwizard-configuration\1.0.0-rc3\dropwizard-configuration-1.0.0-rc3.jar;C:\Users\User\.m2\repository\com\fasterxml\jackson\dataformat\jackson-dataformat-yaml\2.7.4\jackson-dataformat-yaml-2.7.4.jar;C:\Users\User\.m2\repository\org\yaml\snakeyaml\1.15\snakeyaml-1.15.jar;C:\Users\User\.m2\repository\org\apache\commons\commons-lang3\3.4\commons-lang3-3.4.jar;C:\Users\User\.m2\repository\io\dropwizard\dropwizard-logging\1.0.0-rc3\dropwizard-logging-1.0.0-rc3.jar;C:\Users\User\.m2\repository\io\dropwizard\metrics\metrics-logback\3.1.2\metrics-logback-3.1.2.jar;C:\Users\User\.m2\repository\org\slf4j\jul-to-slf4j\1.7.21\jul-to-slf4j-1.7.21.jar;C:\Users\User\.m2\repository\ch\qos\logback\logback-core\1.1.7\logback-core-1.1.7.jar;C:\Users\User\.m2\repository\org\slf4j\log4j-over-slf4j\1.7.21\log4j-over-slf4j-1.7.21.jar;C:\Users\User\.m2\repository\org\slf4j\jcl-over-slf4j\1.7.21\jcl-over-slf4j-1.7.21.jar;C:\Users\User\.m2\repository\org\eclipse\jetty\jetty-util\9.3.9.v20160517\jetty-util-9.3.9.v20160517.jar;C:\Users\User\.m2\repository\io\dropwizard\dropwizard-metrics\1.0.0-rc3\dropwizard-metrics-1.0.0-rc3.jar;C:\Users\User\.m2\repository\io\dropwizard\dropwizard-jersey\1.0.0-rc3\dropwizard-jersey-1.0.0-rc3.jar;C:\Users\User\.m2\repository\org\glassfish\jersey\core\jersey-server\2.23\jersey-server-2.23.jar;C:\Users\User\.m2\repository\org\glassfish\jersey\core\jersey-common\2.23\jersey-common-2.23.jar;C:\Users\User\.m2\repository\org\glassfish\jersey\bundles\repackaged\jersey-guava\2.23\jersey-guava-2.23.jar;C:\Users\User\.m2\repository\org\glassfish\hk2\osgi-resource-locator\1.0.1\osgi-resource-locator-1.0.1.jar;C:\Users\User\.m2\repository\javax\ws\rs\javax.ws.rs-api\2.0.1\javax.ws.rs-api-2.0.1.jar;C:\Users\User\.m2\repository\org\glassfish\jersey\media\jersey-media-jaxb\2.23\jersey-media-jaxb-2.23.jar;C:\Users\User\.m2\repository\javax\annotation\javax.annotation-api\1.2\javax.annotation-api-1.2.jar;C:\Users\User\.m2\repository\org\glassfish\hk2\hk2-api\2.4.0-b34\hk2-api-2.4.0-b34.jar;C:\Users\User\.m2\repository\org\glassfish\hk2\hk2-utils\2.4.0-b34\hk2-utils-2.4.0-b34.jar;C:\Users\User\.m2\repository\org\glassfish\hk2\external\aopalliance-repackaged\2.4.0-b34\aopalliance-repackaged-2.4.0-b34.jar;C:\Users\User\.m2\repository\org\glassfish\hk2\external\javax.inject\2.4.0-b34\javax.inject-2.4.0-b34.jar;C:\Users\User\.m2\repository\org\glassfish\hk2\hk2-locator\2.4.0-b34\hk2-locator-2.4.0-b34.jar;C:\Users\User\.m2\repository\org\glassfish\jersey\ext\jersey-metainf-services\2.23\jersey-metainf-services-2.23.jar;C:\Users\User\.m2\repository\org\glassfish\jersey\ext\jersey-bean-validation\2.23\jersey-bean-validation-2.23.jar;C:\Users\User\.m2\repository\io\dropwizard\metrics\metrics-jersey2\3.1.2\metrics-jersey2-3.1.2.jar;C:\Users\User\.m2\repository\com\fasterxml\jackson\jaxrs\jackson-jaxrs-json-provider\2.7.4\jackson-jaxrs-json-provider-2.7.4.jar;C:\Users\User\.m2\repository\com\fasterxml\jackson\jaxrs\jackson-jaxrs-base\2.7.4\jackson-jaxrs-base-2.7.4.jar;C:\Users\User\.m2\repository\com\fasterxml\jackson\module\jackson-module-jaxb-annotations\2.7.4\jackson-module-jaxb-annotations-2.7.4.jar;C:\Users\User\.m2\repository\org\glassfish\jersey\containers\jersey-container-servlet\2.23\jersey-container-servlet-2.23.jar;C:\Users\User\.m2\repository\org\glassfish\jersey\containers\jersey-container-servlet-core\2.23\jersey-container-servlet-core-2.23.jar;C:\Users\User\.m2\repository\org\eclipse\jetty\jetty-webapp\9.3.9.v20160517\jetty-webapp-9.3.9.v20160517.jar;C:\Users\User\.m2\repository\org\eclipse\jetty\jetty-xml\9.3.9.v20160517\jetty-xml-9.3.9.v20160517.jar;C:\Users\User\.m2\repository\org\eclipse\jetty\jetty-continuation\9.3.9.v20160517\jetty-continuation-9.3.9.v20160517.jar;C:\Users\User\.m2\repository\io\dropwizard\dropwizard-servlets\1.0.0-rc3\dropwizard-servlets-1.0.0-rc3.jar;C:\Users\User\.m2\repository\io\dropwizard\metrics\metrics-annotation\3.1.2\metrics-annotation-3.1.2.jar;C:\Users\User\.m2\repository\io\dropwizard\dropwizard-lifecycle\1.0.0-rc3\dropwizard-lifecycle-1.0.0-rc3.jar;C:\Users\User\.m2\repository\io\dropwizard\metrics\metrics-core\3.1.2\metrics-core-3.1.2.jar;C:\Users\User\.m2\repository\io\dropwizard\metrics\metrics-jvm\3.1.2\metrics-jvm-3.1.2.jar;C:\Users\User\.m2\repository\io\dropwizard\metrics\metrics-servlets\3.1.2\metrics-servlets-3.1.2.jar;C:\Users\User\.m2\repository\io\dropwizard\metrics\metrics-json\3.1.2\metrics-json-3.1.2.jar;C:\Users\User\.m2\repository\io\dropwizard\metrics\metrics-healthchecks\3.1.2\metrics-healthchecks-3.1.2.jar;C:\Users\User\.m2\repository\io\dropwizard\dropwizard-request-logging\1.0.0-rc3\dropwizard-request-logging-1.0.0-rc3.jar;C:\Users\User\.m2\repository\ch\qos\logback\logback-access\1.1.7\logback-access-1.1.7.jar;C:\Users\User\.m2\repository\net\sourceforge\argparse4j\argparse4j\0.7.0\argparse4j-0.7.0.jar;C:\Users\User\.m2\repository\org\eclipse\jetty\toolchain\setuid\jetty-setuid-java\1.0.3\jetty-setuid-java-1.0.3.jar;C:\Users\User\.m2\repository\io\dropwizard\dropwizard-jdbi\1.0.0-rc3\dropwizard-jdbi-1.0.0-rc3.jar;C:\Users\User\.m2\repository\org\jdbi\jdbi\2.73\jdbi-2.73.jar;C:\Users\User\.m2\repository\io\dropwizard\metrics\metrics-jdbi\3.1.2\metrics-jdbi-3.1.2.jar;C:\Users\User\.m2\repository\io\dropwizard\dropwizard-jetty\1.0.0-rc3\dropwizard-jetty-1.0.0-rc3.jar;C:\Users\User\.m2\repository\io\dropwizard\metrics\metrics-jetty9\3.1.2\metrics-jetty9-3.1.2.jar;C:\Users\User\.m2\repository\org\eclipse\jetty\jetty-server\9.3.9.v20160517\jetty-server-9.3.9.v20160517.jar;C:\Users\User\.m2\repository\javax\servlet\javax.servlet-api\3.1.0\javax.servlet-api-3.1.0.jar;C:\Users\User\.m2\repository\org\eclipse\jetty\jetty-io\9.3.9.v20160517\jetty-io-9.3.9.v20160517.jar;C:\Users\User\.m2\repository\org\eclipse\jetty\jetty-servlet\9.3.9.v20160517\jetty-servlet-9.3.9.v20160517.jar;C:\Users\User\.m2\repository\org\eclipse\jetty\jetty-security\9.3.9.v20160517\jetty-security-9.3.9.v20160517.jar;C:\Users\User\.m2\repository\org\eclipse\jetty\jetty-servlets\9.3.9.v20160517\jetty-servlets-9.3.9.v20160517.jar;C:\Users\User\.m2\repository\org\eclipse\jetty\jetty-http\9.3.9.v20160517\jetty-http-9.3.9.v20160517.jar;C:\Users\User\.m2\repository\io\dropwizard\dropwizard-testing\1.0.0-rc3\dropwizard-testing-1.0.0-rc3.jar;C:\Users\User\.m2\repository\junit\junit\4.12\junit-4.12.jar;C:\Users\User\.m2\repository\org\hamcrest\hamcrest-core\1.3\hamcrest-core-1.3.jar;C:\Users\User\.m2\repository\org\mockito\mockito-core\2.0.53-beta\mockito-core-2.0.53-beta.jar;C:\Users\User\.m2\repository\net\bytebuddy\byte-buddy\1.3.16\byte-buddy-1.3.16.jar;C:\Users\User\.m2\repository\org\objenesis\objenesis\2.3\objenesis-2.3.jar;C:\Users\User\.m2\repository\org\assertj\assertj-core\3.4.1\assertj-core-3.4.1.jar;C:\Users\User\.m2\repository\org\glassfish\jersey\test-framework\providers\jersey-test-framework-provider-inmemory\2.23\jersey-test-framework-provider-inmemory-2.23.jar;C:\Users\User\.m2\repository\org\glassfish\jersey\test-framework\jersey-test-framework-core\2.23\jersey-test-framework-core-2.23.jar;C:\Users\User\.m2\repository\org\glassfish\jersey\core\jersey-client\2.23\jersey-client-2.23.jar;C:\Users\User\.m2\repository\org\ow2\asm\asm-debug-all\5.0.4\asm-debug-all-5.0.4.jar;C:\Users\User\.m2\repository\com\h2database\h2\1.4.200\h2-1.4.200.jar;C:\Users\User\.m2\repository\org\apache\maven\plugins\maven-archetype-plugin\2.4\maven-archetype-plugin-2.4.jar;C:\Users\User\.m2\repository\org\apache\maven\archetype\archetype-catalog\2.4\archetype-catalog-2.4.jar;C:\Users\User\.m2\repository\org\apache\maven\archetype\archetype-descriptor\2.4\archetype-descriptor-2.4.jar;C:\Users\User\.m2\repository\org\apache\maven\archetype\archetype-registry\2.4\archetype-registry-2.4.jar;C:\Users\User\.m2\repository\org\apache\maven\archetype\archetype-common\2.4\archetype-common-2.4.jar;C:\Users\User\.m2\repository\net\sourceforge\jchardet\jchardet\1.0\jchardet-1.0.jar;C:\Users\User\.m2\repository\org\codehaus\plexus\plexus-component-annotations\1.5.5\plexus-component-annotations-1.5.5.jar;C:\Users\User\.m2\repository\jdom\jdom\1.0\jdom-1.0.jar;C:\Users\User\.m2\repository\org\apache\maven\maven-model\2.2.1\maven-model-2.2.1.jar;C:\Users\User\.m2\repository\org\apache\maven\maven-project\2.2.1\maven-project-2.2.1.jar;C:\Users\User\.m2\repository\org\apache\maven\maven-plugin-registry\2.2.1\maven-plugin-registry-2.2.1.jar;C:\Users\User\.m2\repository\org\codehaus\plexus\plexus-interpolation\1.11\plexus-interpolation-1.11.jar;C:\Users\User\.m2\repository\org\codehaus\plexus\plexus-container-default\1.0-alpha-9-stable-1\plexus-container-default-1.0-alpha-9-stable-1.jar;C:\Users\User\.m2\repository\org\codehaus\plexus\plexus-velocity\1.1.8\plexus-velocity-1.1.8.jar;C:\Users\User\.m2\repository\org\apache\velocity\velocity\1.5\velocity-1.5.jar;C:\Users\User\.m2\repository\commons-lang\commons-lang\2.1\commons-lang-2.1.jar;C:\Users\User\.m2\repository\oro\oro\2.0.8\oro-2.0.8.jar;C:\Users\User\.m2\repository\org\codehaus\plexus\plexus-utils\3.0.21\plexus-utils-3.0.21.jar;C:\Users\User\.m2\repository\commons-io\commons-io\2.2\commons-io-2.2.jar;C:\Users\User\.m2\repository\org\apache\maven\maven-plugin-api\2.2.1\maven-plugin-api-2.2.1.jar;C:\Users\User\.m2\repository\org\apache\maven\maven-core\2.2.1\maven-core-2.2.1.jar;C:\Users\User\.m2\repository\org\apache\maven\maven-settings\2.2.1\maven-settings-2.2.1.jar;C:\Users\User\.m2\repository\org\apache\maven\wagon\wagon-file\1.0-beta-6\wagon-file-1.0-beta-6.jar;C:\Users\User\.m2\repository\org\apache\maven\maven-plugin-parameter-documenter\2.2.1\maven-plugin-parameter-documenter-2.2.1.jar;C:\Users\User\.m2\repository\org\apache\maven\wagon\wagon-http-lightweight\1.0-beta-6\wagon-http-lightweight-1.0-beta-6.jar;C:\Users\User\.m2\repository\org\apache\maven\wagon\wagon-http-shared\1.0-beta-6\wagon-http-shared-1.0-beta-6.jar;C:\Users\User\.m2\repository\nekohtml\xercesMinimal\1.9.6.2\xercesMinimal-1.9.6.2.jar;C:\Users\User\.m2\repository\nekohtml\nekohtml\1.9.6.2\nekohtml-1.9.6.2.jar;C:\Users\User\.m2\repository\org\apache\maven\wagon\wagon-http\1.0-beta-6\wagon-http-1.0-beta-6.jar;C:\Users\User\.m2\repository\org\apache\maven\wagon\wagon-webdav-jackrabbit\1.0-beta-6\wagon-webdav-jackrabbit-1.0-beta-6.jar;C:\Users\User\.m2\repository\org\apache\jackrabbit\jackrabbit-webdav\1.5.0\jackrabbit-webdav-1.5.0.jar;C:\Users\User\.m2\repository\org\apache\jackrabbit\jackrabbit-jcr-commons\1.5.0\jackrabbit-jcr-commons-1.5.0.jar;C:\Users\User\.m2\repository\commons-httpclient\commons-httpclient\3.0\commons-httpclient-3.0.jar;C:\Users\User\.m2\repository\commons-codec\commons-codec\1.2\commons-codec-1.2.jar;C:\Users\User\.m2\repository\org\slf4j\slf4j-nop\1.5.3\slf4j-nop-1.5.3.jar;C:\Users\User\.m2\repository\org\slf4j\slf4j-jdk14\1.5.6\slf4j-jdk14-1.5.6.jar;C:\Users\User\.m2\repository\org\apache\maven\reporting\maven-reporting-api\2.2.1\maven-reporting-api-2.2.1.jar;C:\Users\User\.m2\repository\org\apache\maven\doxia\doxia-sink-api\1.1\doxia-sink-api-1.1.jar;C:\Users\User\.m2\repository\org\apache\maven\doxia\doxia-logging-api\1.1\doxia-logging-api-1.1.jar;C:\Users\User\.m2\repository\org\apache\maven\maven-profile\2.2.1\maven-profile-2.2.1.jar;C:\Users\User\.m2\repository\org\apache\maven\maven-artifact\2.2.1\maven-artifact-2.2.1.jar;C:\Users\User\.m2\repository\org\apache\maven\wagon\wagon-provider-api\1.0-beta-6\wagon-provider-api-1.0-beta-6.jar;C:\Users\User\.m2\repository\org\apache\maven\maven-repository-metadata\2.2.1\maven-repository-metadata-2.2.1.jar;C:\Users\User\.m2\repository\org\apache\maven\maven-error-diagnostics\2.2.1\maven-error-diagnostics-2.2.1.jar;C:\Users\User\.m2\repository\commons-cli\commons-cli\1.2\commons-cli-1.2.jar;C:\Users\User\.m2\repository\org\apache\maven\wagon\wagon-ssh-external\1.0-beta-6\wagon-ssh-external-1.0-beta-6.jar;C:\Users\User\.m2\repository\org\apache\maven\wagon\wagon-ssh-common\1.0-beta-6\wagon-ssh-common-1.0-beta-6.jar;C:\Users\User\.m2\repository\org\apache\maven\maven-plugin-descriptor\2.2.1\maven-plugin-descriptor-2.2.1.jar;C:\Users\User\.m2\repository\org\codehaus\plexus\plexus-interactivity-api\1.0-alpha-4\plexus-interactivity-api-1.0-alpha-4.jar;C:\Users\User\.m2\repository\org\apache\maven\maven-artifact-manager\2.2.1\maven-artifact-manager-2.2.1.jar;C:\Users\User\.m2\repository\backport-util-concurrent\backport-util-concurrent\3.1\backport-util-concurrent-3.1.jar;C:\Users\User\.m2\repository\org\apache\maven\maven-monitor\2.2.1\maven-monitor-2.2.1.jar;C:\Users\User\.m2\repository\org\apache\maven\wagon\wagon-ssh\1.0-beta-6\wagon-ssh-1.0-beta-6.jar;C:\Users\User\.m2\repository\com\jcraft\jsch\0.1.38\jsch-0.1.38.jar;C:\Users\User\.m2\repository\classworlds\classworlds\1.1\classworlds-1.1.jar;C:\Users\User\.m2\repository\org\sonatype\plexus\plexus-sec-dispatcher\1.3\plexus-sec-dispatcher-1.3.jar;C:\Users\User\.m2\repository\org\sonatype\plexus\plexus-cipher\1.4\plexus-cipher-1.4.jar;C:\Users\User\.m2\repository\org\apache\maven\shared\maven-invoker\2.1.1\maven-invoker-2.1.1.jar;C:\Users\User\.m2\repository\commons-collections\commons-collections\3.2.1\commons-collections-3.2.1.jar;C:\Users\User\.m2\repository\org\codehaus\groovy\groovy\1.8.3\groovy-1.8.3.jar;C:\Users\User\.m2\repository\asm\asm\3.2\asm-3.2.jar;C:\Users\User\.m2\repository\asm\asm-commons\3.2\asm-commons-3.2.jar;C:\Users\User\.m2\repository\asm\asm-util\3.2\asm-util-3.2.jar;C:\Users\User\.m2\repository\asm\asm-analysis\3.2\asm-analysis-3.2.jar;C:\Users\User\.m2\repository\asm\asm-tree\3.2\asm-tree-3.2.jar;C:\Users\User\.m2\repository\org\beanshell\bsh\2.0b4\bsh-2.0b4.jar;C:\Users\User\.m2\repository\org\apache\maven\shared\maven-script-interpreter\1.0\maven-script-interpreter-1.0.jar;C:\Users\User\.m2\repository\org\apache\ant\ant\1.8.1\ant-1.8.1.jar;C:\Users\User\.m2\repository\commons-beanutils\commons-beanutils\1.7.0\commons-beanutils-1.7.0.jar;C:\Users\User\.m2\repository\commons-logging\commons-logging\1.0.3\commons-logging-1.0.3.jar;"/>
    <property name="java.vm.vendor" value="Oracle Corporation"/>
    <property name="sun.arch.data.model" value="64"/>
    <property name="user.variant" value=""/>
    <property name="java.vendor.url" value="http://java.oracle.com/"/>
    <property name="user.timezone" value="Europe/Berlin"/>
    <property name="java.vm.specification.version" value="1.8"/>
    <property name="os.name" value="Windows 10"/>
    <property name="user.country" value="IN"/>
    <property name="sun.java.launcher" value="SUN_STANDARD"/>
    <property name="sun.boot.library.path" value="C:\Program Files\Java\jdk1.8.0_181\jre\bin"/>
    <property name="sun.java.command" value="C:\Users\User\AppData\Local\Temp\surefire6747409668566939945\surefirebooter7554592223010738155.jar C:\Users\User\AppData\Local\Temp\surefire6747409668566939945 2020-09-23T00-06-28_886-jvmRun1 surefire6534521555202067473tmp surefire_05977966783238040860tmp"/>
    <property name="surefire.test.class.path" value="C:\eclipse\eclipse\java-training\bloom\target\test-classes;C:\eclipse\eclipse\java-training\bloom\target\classes;C:\Users\User\.m2\repository\io\dropwizard\dropwizard-hibernate\1.0.0-rc3\dropwizard-hibernate-1.0.0-rc3.jar;C:\Users\User\.m2\repository\io\dropwizard\dropwizard-db\1.0.0-rc3\dropwizard-db-1.0.0-rc3.jar;C:\Users\User\.m2\repository\org\apache\tomcat\tomcat-jdbc\8.5.2\tomcat-jdbc-8.5.2.jar;C:\Users\User\.m2\repository\org\apache\tomcat\tomcat-juli\8.5.2\tomcat-juli-8.5.2.jar;C:\Users\User\.m2\repository\com\fasterxml\jackson\datatype\jackson-datatype-hibernate5\2.7.4\jackson-datatype-hibernate5-2.7.4.jar;C:\Users\User\.m2\repository\com\fasterxml\jackson\core\jackson-core\2.7.4\jackson-core-2.7.4.jar;C:\Users\User\.m2\repository\javax\transaction\jta\1.1\jta-1.1.jar;C:\Users\User\.m2\repository\org\jadira\usertype\usertype.core\5.0.0.GA\usertype.core-5.0.0.GA.jar;C:\Users\User\.m2\repository\org\jadira\usertype\usertype.spi\5.0.0.GA\usertype.spi-5.0.0.GA.jar;C:\Users\User\.m2\repository\org\hibernate\hibernate-core\5.1.0.Final\hibernate-core-5.1.0.Final.jar;C:\Users\User\.m2\repository\org\hibernate\javax\persistence\hibernate-jpa-2.1-api\1.0.0.Final\hibernate-jpa-2.1-api-1.0.0.Final.jar;C:\Users\User\.m2\repository\org\javassist\javassist\3.20.0-GA\javassist-3.20.0-GA.jar;C:\Users\User\.m2\repository\antlr\antlr\2.7.7\antlr-2.7.7.jar;C:\Users\User\.m2\repository\org\apache\geronimo\specs\geronimo-jta_1.1_spec\1.1.1\geronimo-jta_1.1_spec-1.1.1.jar;C:\Users\User\.m2\repository\org\jboss\jandex\2.0.0.Final\jandex-2.0.0.Final.jar;C:\Users\User\.m2\repository\com\fasterxml\classmate\1.3.0\classmate-1.3.0.jar;C:\Users\User\.m2\repository\dom4j\dom4j\1.6.1\dom4j-1.6.1.jar;C:\Users\User\.m2\repository\xml-apis\xml-apis\1.0.b2\xml-apis-1.0.b2.jar;C:\Users\User\.m2\repository\org\hibernate\common\hibernate-commons-annotations\5.0.1.Final\hibernate-commons-annotations-5.0.1.Final.jar;C:\Users\User\.m2\repository\io\dropwizard\dropwizard-core\1.0.0-rc3\dropwizard-core-1.0.0-rc3.jar;C:\Users\User\.m2\repository\io\dropwizard\dropwizard-util\1.0.0-rc3\dropwizard-util-1.0.0-rc3.jar;C:\Users\User\.m2\repository\com\fasterxml\jackson\core\jackson-annotations\2.7.4\jackson-annotations-2.7.4.jar;C:\Users\User\.m2\repository\com\google\guava\guava\19.0\guava-19.0.jar;C:\Users\User\.m2\repository\com\google\code\findbugs\jsr305\3.0.1\jsr305-3.0.1.jar;C:\Users\User\.m2\repository\joda-time\joda-time\2.9.3\joda-time-2.9.3.jar;C:\Users\User\.m2\repository\io\dropwizard\dropwizard-jackson\1.0.0-rc3\dropwizard-jackson-1.0.0-rc3.jar;C:\Users\User\.m2\repository\com\fasterxml\jackson\core\jackson-databind\2.7.4\jackson-databind-2.7.4.jar;C:\Users\User\.m2\repository\com\fasterxml\jackson\datatype\jackson-datatype-guava\2.7.4\jackson-datatype-guava-2.7.4.jar;C:\Users\User\.m2\repository\com\fasterxml\jackson\datatype\jackson-datatype-jsr310\2.7.4\jackson-datatype-jsr310-2.7.4.jar;C:\Users\User\.m2\repository\com\fasterxml\jackson\datatype\jackson-datatype-jdk8\2.7.4\jackson-datatype-jdk8-2.7.4.jar;C:\Users\User\.m2\repository\com\fasterxml\jackson\module\jackson-module-afterburner\2.7.4\jackson-module-afterburner-2.7.4.jar;C:\Users\User\.m2\repository\com\fasterxml\jackson\datatype\jackson-datatype-joda\2.7.4\jackson-datatype-joda-2.7.4.jar;C:\Users\User\.m2\repository\org\slf4j\slf4j-api\1.7.21\slf4j-api-1.7.21.jar;C:\Users\User\.m2\repository\ch\qos\logback\logback-classic\1.1.7\logback-classic-1.1.7.jar;C:\Users\User\.m2\repository\io\dropwizard\dropwizard-validation\1.0.0-rc3\dropwizard-validation-1.0.0-rc3.jar;C:\Users\User\.m2\repository\org\hibernate\hibernate-validator\5.2.4.Final\hibernate-validator-5.2.4.Final.jar;C:\Users\User\.m2\repository\javax\validation\validation-api\1.1.0.Final\validation-api-1.1.0.Final.jar;C:\Users\User\.m2\repository\org\jboss\logging\jboss-logging\3.2.1.Final\jboss-logging-3.2.1.Final.jar;C:\Users\User\.m2\repository\org\glassfish\javax.el\3.0.0\javax.el-3.0.0.jar;C:\Users\User\.m2\repository\io\dropwizard\dropwizard-configuration\1.0.0-rc3\dropwizard-configuration-1.0.0-rc3.jar;C:\Users\User\.m2\repository\com\fasterxml\jackson\dataformat\jackson-dataformat-yaml\2.7.4\jackson-dataformat-yaml-2.7.4.jar;C:\Users\User\.m2\repository\org\yaml\snakeyaml\1.15\snakeyaml-1.15.jar;C:\Users\User\.m2\repository\org\apache\commons\commons-lang3\3.4\commons-lang3-3.4.jar;C:\Users\User\.m2\repository\io\dropwizard\dropwizard-logging\1.0.0-rc3\dropwizard-logging-1.0.0-rc3.jar;C:\Users\User\.m2\repository\io\dropwizard\metrics\metrics-logback\3.1.2\metrics-logback-3.1.2.jar;C:\Users\User\.m2\repository\org\slf4j\jul-to-slf4j\1.7.21\jul-to-slf4j-1.7.21.jar;C:\Users\User\.m2\repository\ch\qos\logback\logback-core\1.1.7\logback-core-1.1.7.jar;C:\Users\User\.m2\repository\org\slf4j\log4j-over-slf4j\1.7.21\log4j-over-slf4j-1.7.21.jar;C:\Users\User\.m2\repository\org\slf4j\jcl-over-slf4j\1.7.21\jcl-over-slf4j-1.7.21.jar;C:\Users\User\.m2\repository\org\eclipse\jetty\jetty-util\9.3.9.v20160517\jetty-util-9.3.9.v20160517.jar;C:\Users\User\.m2\repository\io\dropwizard\dropwizard-metrics\1.0.0-rc3\dropwizard-metrics-1.0.0-rc3.jar;C:\Users\User\.m2\repository\io\dropwizard\dropwizard-jersey\1.0.0-rc3\dropwizard-jersey-1.0.0-rc3.jar;C:\Users\User\.m2\repository\org\glassfish\jersey\core\jersey-server\2.23\jersey-server-2.23.jar;C:\Users\User\.m2\repository\org\glassfish\jersey\core\jersey-common\2.23\jersey-common-2.23.jar;C:\Users\User\.m2\repository\org\glassfish\jersey\bundles\repackaged\jersey-guava\2.23\jersey-guava-2.23.jar;C:\Users\User\.m2\repository\org\glassfish\hk2\osgi-resource-locator\1.0.1\osgi-resource-locator-1.0.1.jar;C:\Users\User\.m2\repository\javax\ws\rs\javax.ws.rs-api\2.0.1\javax.ws.rs-api-2.0.1.jar;C:\Users\User\.m2\repository\org\glassfish\jersey\media\jersey-media-jaxb\2.23\jersey-media-jaxb-2.23.jar;C:\Users\User\.m2\repository\javax\annotation\javax.annotation-api\1.2\javax.annotation-api-1.2.jar;C:\Users\User\.m2\repository\org\glassfish\hk2\hk2-api\2.4.0-b34\hk2-api-2.4.0-b34.jar;C:\Users\User\.m2\repository\org\glassfish\hk2\hk2-utils\2.4.0-b34\hk2-utils-2.4.0-b34.jar;C:\Users\User\.m2\repository\org\glassfish\hk2\external\aopalliance-repackaged\2.4.0-b34\aopalliance-repackaged-2.4.0-b34.jar;C:\Users\User\.m2\repository\org\glassfish\hk2\external\javax.inject\2.4.0-b34\javax.inject-2.4.0-b34.jar;C:\Users\User\.m2\repository\org\glassfish\hk2\hk2-locator\2.4.0-b34\hk2-locator-2.4.0-b34.jar;C:\Users\User\.m2\repository\org\glassfish\jersey\ext\jersey-metainf-services\2.23\jersey-metainf-services-2.23.jar;C:\Users\User\.m2\repository\org\glassfish\jersey\ext\jersey-bean-validation\2.23\jersey-bean-validation-2.23.jar;C:\Users\User\.m2\repository\io\dropwizard\metrics\metrics-jersey2\3.1.2\metrics-jersey2-3.1.2.jar;C:\Users\User\.m2\repository\com\fasterxml\jackson\jaxrs\jackson-jaxrs-json-provider\2.7.4\jackson-jaxrs-json-provider-2.7.4.jar;C:\Users\User\.m2\repository\com\fasterxml\jackson\jaxrs\jackson-jaxrs-base\2.7.4\jackson-jaxrs-base-2.7.4.jar;C:\Users\User\.m2\repository\com\fasterxml\jackson\module\jackson-module-jaxb-annotations\2.7.4\jackson-module-jaxb-annotations-2.7.4.jar;C:\Users\User\.m2\repository\org\glassfish\jersey\containers\jersey-container-servlet\2.23\jersey-container-servlet-2.23.jar;C:\Users\User\.m2\repository\org\glassfish\jersey\containers\jersey-container-servlet-core\2.23\jersey-container-servlet-core-2.23.jar;C:\Users\User\.m2\repository\org\eclipse\jetty\jetty-webapp\9.3.9.v20160517\jetty-webapp-9.3.9.v20160517.jar;C:\Users\User\.m2\repository\org\eclipse\jetty\jetty-xml\9.3.9.v20160517\jetty-xml-9.3.9.v20160517.jar;C:\Users\User\.m2\repository\org\eclipse\jetty\jetty-continuation\9.3.9.v20160517\jetty-continuation-9.3.9.v20160517.jar;C:\Users\User\.m2\repository\io\dropwizard\dropwizard-servlets\1.0.0-rc3\dropwizard-servlets-1.0.0-rc3.jar;C:\Users\User\.m2\repository\io\dropwizard\metrics\metrics-annotation\3.1.2\metrics-annotation-3.1.2.jar;C:\Users\User\.m2\repository\io\dropwizard\dropwizard-lifecycle\1.0.0-rc3\dropwizard-lifecycle-1.0.0-rc3.jar;C:\Users\User\.m2\repository\io\dropwizard\metrics\metrics-core\3.1.2\metrics-core-3.1.2.jar;C:\Users\User\.m2\repository\io\dropwizard\metrics\metrics-jvm\3.1.2\metrics-jvm-3.1.2.jar;C:\Users\User\.m2\repository\io\dropwizard\metrics\metrics-servlets\3.1.2\metrics-servlets-3.1.2.jar;C:\Users\User\.m2\repository\io\dropwizard\metrics\metrics-json\3.1.2\metrics-json-3.1.2.jar;C:\Users\User\.m2\repository\io\dropwizard\metrics\metrics-healthchecks\3.1.2\metrics-healthchecks-3.1.2.jar;C:\Users\User\.m2\repository\io\dropwizard\dropwizard-request-logging\1.0.0-rc3\dropwizard-request-logging-1.0.0-rc3.jar;C:\Users\User\.m2\repository\ch\qos\logback\logback-access\1.1.7\logback-access-1.1.7.jar;C:\Users\User\.m2\repository\net\sourceforge\argparse4j\argparse4j\0.7.0\argparse4j-0.7.0.jar;C:\Users\User\.m2\repository\org\eclipse\jetty\toolchain\setuid\jetty-setuid-java\1.0.3\jetty-setuid-java-1.0.3.jar;C:\Users\User\.m2\repository\io\dropwizard\dropwizard-jdbi\1.0.0-rc3\dropwizard-jdbi-1.0.0-rc3.jar;C:\Users\User\.m2\repository\org\jdbi\jdbi\2.73\jdbi-2.73.jar;C:\Users\User\.m2\repository\io\dropwizard\metrics\metrics-jdbi\3.1.2\metrics-jdbi-3.1.2.jar;C:\Users\User\.m2\repository\io\dropwizard\dropwizard-jetty\1.0.0-rc3\dropwizard-jetty-1.0.0-rc3.jar;C:\Users\User\.m2\repository\io\dropwizard\metrics\metrics-jetty9\3.1.2\metrics-jetty9-3.1.2.jar;C:\Users\User\.m2\repository\org\eclipse\jetty\jetty-server\9.3.9.v20160517\jetty-server-9.3.9.v20160517.jar;C:\Users\User\.m2\repository\javax\servlet\javax.servlet-api\3.1.0\javax.servlet-api-3.1.0.jar;C:\Users\User\.m2\repository\org\eclipse\jetty\jetty-io\9.3.9.v20160517\jetty-io-9.3.9.v20160517.jar;C:\Users\User\.m2\repository\org\eclipse\jetty\jetty-servlet\9.3.9.v20160517\jetty-servlet-9.3.9.v20160517.jar;C:\Users\User\.m2\repository\org\eclipse\jetty\jetty-security\9.3.9.v20160517\jetty-security-9.3.9.v20160517.jar;C:\Users\User\.m2\repository\org\eclipse\jetty\jetty-servlets\9.3.9.v20160517\jetty-servlets-9.3.9.v20160517.jar;C:\Users\User\.m2\repository\org\eclipse\jetty\jetty-http\9.3.9.v20160517\jetty-http-9.3.9.v20160517.jar;C:\Users\User\.m2\repository\io\dropwizard\dropwizard-testing\1.0.0-rc3\dropwizard-testing-1.0.0-rc3.jar;C:\Users\User\.m2\repository\junit\junit\4.12\junit-4.12.jar;C:\Users\User\.m2\repository\org\hamcrest\hamcrest-core\1.3\hamcrest-core-1.3.jar;C:\Users\User\.m2\repository\org\mockito\mockito-core\2.0.53-beta\mockito-core-2.0.53-beta.jar;C:\Users\User\.m2\repository\net\bytebuddy\byte-buddy\1.3.16\byte-buddy-1.3.16.jar;C:\Users\User\.m2\repository\org\objenesis\objenesis\2.3\objenesis-2.3.jar;C:\Users\User\.m2\repository\org\assertj\assertj-core\3.4.1\assertj-core-3.4.1.jar;C:\Users\User\.m2\repository\org\glassfish\jersey\test-framework\providers\jersey-test-framework-provider-inmemory\2.23\jersey-test-framework-provider-inmemory-2.23.jar;C:\Users\User\.m2\repository\org\glassfish\jersey\test-framework\jersey-test-framework-core\2.23\jersey-test-framework-core-2.23.jar;C:\Users\User\.m2\repository\org\glassfish\jersey\core\jersey-client\2.23\jersey-client-2.23.jar;C:\Users\User\.m2\repository\org\ow2\asm\asm-debug-all\5.0.4\asm-debug-all-5.0.4.jar;C:\Users\User\.m2\repository\com\h2database\h2\1.4.200\h2-1.4.200.jar;C:\Users\User\.m2\repository\org\apache\maven\plugins\maven-archetype-plugin\2.4\maven-archetype-plugin-2.4.jar;C:\Users\User\.m2\repository\org\apache\maven\archetype\archetype-catalog\2.4\archetype-catalog-2.4.jar;C:\Users\User\.m2\repository\org\apache\maven\archetype\archetype-descriptor\2.4\archetype-descriptor-2.4.jar;C:\Users\User\.m2\repository\org\apache\maven\archetype\archetype-registry\2.4\archetype-registry-2.4.jar;C:\Users\User\.m2\repository\org\apache\maven\archetype\archetype-common\2.4\archetype-common-2.4.jar;C:\Users\User\.m2\repository\net\sourceforge\jchardet\jchardet\1.0\jchardet-1.0.jar;C:\Users\User\.m2\repository\org\codehaus\plexus\plexus-component-annotations\1.5.5\plexus-component-annotations-1.5.5.jar;C:\Users\User\.m2\repository\jdom\jdom\1.0\jdom-1.0.jar;C:\Users\User\.m2\repository\org\apache\maven\maven-model\2.2.1\maven-model-2.2.1.jar;C:\Users\User\.m2\repository\org\apache\maven\maven-project\2.2.1\maven-project-2.2.1.jar;C:\Users\User\.m2\repository\org\apache\maven\maven-plugin-registry\2.2.1\maven-plugin-registry-2.2.1.jar;C:\Users\User\.m2\repository\org\codehaus\plexus\plexus-interpolation\1.11\plexus-interpolation-1.11.jar;C:\Users\User\.m2\repository\org\codehaus\plexus\plexus-container-default\1.0-alpha-9-stable-1\plexus-container-default-1.0-alpha-9-stable-1.jar;C:\Users\User\.m2\repository\org\codehaus\plexus\plexus-velocity\1.1.8\plexus-velocity-1.1.8.jar;C:\Users\User\.m2\repository\org\apache\velocity\velocity\1.5\velocity-1.5.jar;C:\Users\User\.m2\repository\commons-lang\commons-lang\2.1\commons-lang-2.1.jar;C:\Users\User\.m2\repository\oro\oro\2.0.8\oro-2.0.8.jar;C:\Users\User\.m2\repository\org\codehaus\plexus\plexus-utils\3.0.21\plexus-utils-3.0.21.jar;C:\Users\User\.m2\repository\commons-io\commons-io\2.2\commons-io-2.2.jar;C:\Users\User\.m2\repository\org\apache\maven\maven-plugin-api\2.2.1\maven-plugin-api-2.2.1.jar;C:\Users\User\.m2\repository\org\apache\maven\maven-core\2.2.1\maven-core-2.2.1.jar;C:\Users\User\.m2\repository\org\apache\maven\maven-settings\2.2.1\maven-settings-2.2.1.jar;C:\Users\User\.m2\repository\org\apache\maven\wagon\wagon-file\1.0-beta-6\wagon-file-1.0-beta-6.jar;C:\Users\User\.m2\repository\org\apache\maven\maven-plugin-parameter-documenter\2.2.1\maven-plugin-parameter-documenter-2.2.1.jar;C:\Users\User\.m2\repository\org\apache\maven\wagon\wagon-http-lightweight\1.0-beta-6\wagon-http-lightweight-1.0-beta-6.jar;C:\Users\User\.m2\repository\org\apache\maven\wagon\wagon-http-shared\1.0-beta-6\wagon-http-shared-1.0-beta-6.jar;C:\Users\User\.m2\repository\nekohtml\xercesMinimal\1.9.6.2\xercesMinimal-1.9.6.2.jar;C:\Users\User\.m2\repository\nekohtml\nekohtml\1.9.6.2\nekohtml-1.9.6.2.jar;C:\Users\User\.m2\repository\org\apache\maven\wagon\wagon-http\1.0-beta-6\wagon-http-1.0-beta-6.jar;C:\Users\User\.m2\repository\org\apache\maven\wagon\wagon-webdav-jackrabbit\1.0-beta-6\wagon-webdav-jackrabbit-1.0-beta-6.jar;C:\Users\User\.m2\repository\org\apache\jackrabbit\jackrabbit-webdav\1.5.0\jackrabbit-webdav-1.5.0.jar;C:\Users\User\.m2\repository\org\apache\jackrabbit\jackrabbit-jcr-commons\1.5.0\jackrabbit-jcr-commons-1.5.0.jar;C:\Users\User\.m2\repository\commons-httpclient\commons-httpclient\3.0\commons-httpclient-3.0.jar;C:\Users\User\.m2\repository\commons-codec\commons-codec\1.2\commons-codec-1.2.jar;C:\Users\User\.m2\repository\org\slf4j\slf4j-nop\1.5.3\slf4j-nop-1.5.3.jar;C:\Users\User\.m2\repository\org\slf4j\slf4j-jdk14\1.5.6\slf4j-jdk14-1.5.6.jar;C:\Users\User\.m2\repository\org\apache\maven\reporting\maven-reporting-api\2.2.1\maven-reporting-api-2.2.1.jar;C:\Users\User\.m2\repository\org\apache\maven\doxia\doxia-sink-api\1.1\doxia-sink-api-1.1.jar;C:\Users\User\.m2\repository\org\apache\maven\doxia\doxia-logging-api\1.1\doxia-logging-api-1.1.jar;C:\Users\User\.m2\repository\org\apache\maven\maven-profile\2.2.1\maven-profile-2.2.1.jar;C:\Users\User\.m2\repository\org\apache\maven\maven-artifact\2.2.1\maven-artifact-2.2.1.jar;C:\Users\User\.m2\repository\org\apache\maven\wagon\wagon-provider-api\1.0-beta-6\wagon-provider-api-1.0-beta-6.jar;C:\Users\User\.m2\repository\org\apache\maven\maven-repository-metadata\2.2.1\maven-repository-metadata-2.2.1.jar;C:\Users\User\.m2\repository\org\apache\maven\maven-error-diagnostics\2.2.1\maven-error-diagnostics-2.2.1.jar;C:\Users\User\.m2\repository\commons-cli\commons-cli\1.2\commons-cli-1.2.jar;C:\Users\User\.m2\repository\org\apache\maven\wagon\wagon-ssh-external\1.0-beta-6\wagon-ssh-external-1.0-beta-6.jar;C:\Users\User\.m2\repository\org\apache\maven\wagon\wagon-ssh-common\1.0-beta-6\wagon-ssh-common-1.0-beta-6.jar;C:\Users\User\.m2\repository\org\apache\maven\maven-plugin-descriptor\2.2.1\maven-plugin-descriptor-2.2.1.jar;C:\Users\User\.m2\repository\org\codehaus\plexus\plexus-interactivity-api\1.0-alpha-4\plexus-interactivity-api-1.0-alpha-4.jar;C:\Users\User\.m2\repository\org\apache\maven\maven-artifact-manager\2.2.1\maven-artifact-manager-2.2.1.jar;C:\Users\User\.m2\repository\backport-util-concurrent\backport-util-concurrent\3.1\backport-util-concurrent-3.1.jar;C:\Users\User\.m2\repository\org\apache\maven\maven-monitor\2.2.1\maven-monitor-2.2.1.jar;C:\Users\User\.m2\repository\org\apache\maven\wagon\wagon-ssh\1.0-beta-6\wagon-ssh-1.0-beta-6.jar;C:\Users\User\.m2\repository\com\jcraft\jsch\0.1.38\jsch-0.1.38.jar;C:\Users\User\.m2\repository\classworlds\classworlds\1.1\classworlds-1.1.jar;C:\Users\User\.m2\repository\org\sonatype\plexus\plexus-sec-dispatcher\1.3\plexus-sec-dispatcher-1.3.jar;C:\Users\User\.m2\repository\org\sonatype\plexus\plexus-cipher\1.4\plexus-cipher-1.4.jar;C:\Users\User\.m2\repository\org\apache\maven\shared\maven-invoker\2.1.1\maven-invoker-2.1.1.jar;C:\Users\User\.m2\repository\commons-collections\commons-collections\3.2.1\commons-collections-3.2.1.jar;C:\Users\User\.m2\repository\org\codehaus\groovy\groovy\1.8.3\groovy-1.8.3.jar;C:\Users\User\.m2\repository\asm\asm\3.2\asm-3.2.jar;C:\Users\User\.m2\repository\asm\asm-commons\3.2\asm-commons-3.2.jar;C:\Users\User\.m2\repository\asm\asm-util\3.2\asm-util-3.2.jar;C:\Users\User\.m2\repository\asm\asm-analysis\3.2\asm-analysis-3.2.jar;C:\Users\User\.m2\repository\asm\asm-tree\3.2\asm-tree-3.2.jar;C:\Users\User\.m2\repository\org\beanshell\bsh\2.0b4\bsh-2.0b4.jar;C:\Users\User\.m2\repository\org\apache\maven\shared\maven-script-interpreter\1.0\maven-script-interpreter-1.0.jar;C:\Users\User\.m2\repository\org\apache\ant\ant\1.8.1\ant-1.8.1.jar;C:\Users\User\.m2\repository\commons-beanutils\commons-beanutils\1.7.0\commons-beanutils-1.7.0.jar;C:\Users\User\.m2\repository\commons-logging\commons-logging\1.0.3\commons-logging-1.0.3.jar;"/>
    <property name="sun.cpu.endian" value="little"/>
    <property name="user.home" value="C:\Users\User"/>
    <property name="user.language" value="en"/>
    <property name="java.specification.vendor" value="Oracle Corporation"/>
    <property name="java.home" value="C:\Program Files\Java\jdk1.8.0_181\jre"/>
    <property name="basedir" value="C:\eclipse\eclipse\java-training\bloom"/>
    <property name="file.separator" value="\"/>
    <property name="line.separator" value="&#10;"/>
    <property name="java.vm.specification.vendor" value="Oracle Corporation"/>
    <property name="java.specification.name" value="Java Platform API Specification"/>
    <property name="java.awt.graphicsenv" value="sun.awt.Win32GraphicsEnvironment"/>
    <property name="surefire.real.class.path" value="C:\Users\User\AppData\Local\Temp\surefire6747409668566939945\surefirebooter7554592223010738155.jar"/>
    <property name="sun.boot.class.path" value="C:\Program Files\Java\jdk1.8.0_181\jre\lib\resources.jar;C:\Program Files\Java\jdk1.8.0_181\jre\lib\rt.jar;C:\Program Files\Java\jdk1.8.0_181\jre\lib\sunrsasign.jar;C:\Program Files\Java\jdk1.8.0_181\jre\lib\jsse.jar;C:\Program Files\Java\jdk1.8.0_181\jre\lib\jce.jar;C:\Program Files\Java\jdk1.8.0_181\jre\lib\charsets.jar;C:\Program Files\Java\jdk1.8.0_181\jre\lib\jfr.jar;C:\Program Files\Java\jdk1.8.0_181\jre\classes"/>
    <property name="user.script" value=""/>
    <property name="sun.management.compiler" value="HotSpot 64-Bit Tiered Compilers"/>
    <property name="java.runtime.version" value="1.8.0_181-b13"/>
    <property name="user.name" value="User"/>
    <property name="path.separator" value=";"/>
    <property name="os.version" value="10.0"/>
    <property name="java.endorsed.dirs" value="C:\Program Files\Java\jdk1.8.0_181\jre\lib\endorsed"/>
    <property name="java.runtime.name" value="Java(TM) SE Runtime Environment"/>
    <property name="file.encoding" value="Cp1252"/>
    <property name="java.vm.name" value="Java HotSpot(TM) 64-Bit Server VM"/>
    <property name="localRepository" value="C:\Users\User\.m2\repository"/>
    <property name="java.vendor.url.bug" value="http://bugreport.sun.com/bugreport/"/>
    <property name="java.io.tmpdir" value="C:\Users\User\AppData\Local\Temp\"/>
    <property name="java.version" value="1.8.0_181"/>
    <property name="user.dir" value="C:\eclipse\eclipse\java-training\bloom"/>
    <property name="os.arch" value="amd64"/>
    <property name="java.vm.specification.name" value="Java Virtual Machine Specification"/>
    <property name="java.awt.printerjob" value="sun.awt.windows.WPrinterJob"/>
    <property name="sun.os.patch.level" value=""/>
    <property name="java.library.path" value="C:\Program Files\Java\jdk1.8.0_181\jre\bin;C:\WINDOWS\Sun\Java\bin;C:\WINDOWS\system32;C:\WINDOWS;C:/Program Files/Java/jre1.8.0_181/bin/server;C:/Program Files/Java/jre1.8.0_181/bin;C:/Program Files/Java/jre1.8.0_181/lib/amd64;C:\Program Files (x86)\Common Files\Oracle\Java\javapath;C:\WINDOWS\system32;C:\WINDOWS;C:\WINDOWS\System32\Wbem;C:\WINDOWS\System32\WindowsPowerShell\v1.0\;C:\WINDOWS\System32\OpenSSH\;C:\Program Files\nodejs\;C:\Program Files\PuTTY\;C:\Program Files\Docker\Docker\resources\bin;C:\ProgramData\DockerDesktop\version-bin;C:\Program Files\erl-23.0\bin;C:\Users\User\AppData\Local\Programs\Python\Python37-32\Scripts\;C:\Users\User\AppData\Local\Programs\Python\Python37-32\;C:\Users\User\AppData\Local\Microsoft\WindowsApps;C:\Program Files\Java\jdk1.8.0_181\bin;C:\Users\User\AppData\Local\Android\Sdk\platform-tools;C:\Users\User\AppData\Roaming\npm;C:\lakshman\maven\bin;C:\eclipse\eclipse\micorservice\kubernates;C:\Program Files\erl-23.0\erts-11.0\bin;C:\software\kafka_2.13-2.6.0\bin\windows;;C:\Users\User\Desktop;;."/>
    <property name="java.vm.info" value="mixed mode"/>
    <property name="java.vendor" value="Oracle Corporation"/>
    <property name="java.vm.version" value="25.181-b13"/>
    <property name="java.ext.dirs" value="C:\Program Files\Java\jdk1.8.0_181\jre\lib\ext;C:\WINDOWS\Sun\Java\lib\ext"/>
    <property name="sun.io.unicode.encoding" value="UnicodeLittle"/>
    <property name="java.class.version" value="52.0"/>
  </properties>
  <testcase name="testCreateMovie" classname="com.bloom.MovieTest" time="0.57">
    <system-err><![CDATA[SLF4J: Class path contains multiple SLF4J bindings.
SLF4J: Found binding in [jar:file:/C:/Users/User/.m2/repository/ch/qos/logback/logback-classic/1.1.7/logback-classic-1.1.7.jar!/org/slf4j/impl/StaticLoggerBinder.class]
SLF4J: Found binding in [jar:file:/C:/Users/User/.m2/repository/org/slf4j/slf4j-nop/1.5.3/slf4j-nop-1.5.3.jar!/org/slf4j/impl/StaticLoggerBinder.class]
SLF4J: Found binding in [jar:file:/C:/Users/User/.m2/repository/org/slf4j/slf4j-jdk14/1.5.6/slf4j-jdk14-1.5.6.jar!/org/slf4j/impl/StaticLoggerBinder.class]
SLF4J: See http://www.slf4j.org/codes.html#multiple_bindings for an explanation.
SLF4J: Actual binding is of type [ch.qos.logback.classic.util.ContextSelectorStaticBinder]
]]></system-err>
  </testcase>
  <testcase name="testGetMovieByField" classname="com.bloom.MovieTest" time="0.005"/>
  <testcase name="testGetAllMovies" classname="com.bloom.MovieTest" time="0"/>
  <testcase name="testGetMovieId" classname="com.bloom.MovieTest" time="0"/>
  <testcase name="testDeleteMovieById" classname="com.bloom.MovieTest" time="0"/>
</testsuite>